mode: set
smartmobilelabs.com/evo/evo-operator/controllers/smlevo_controller.go:54.98,61.16 5 0
smartmobilelabs.com/evo/evo-operator/controllers/smlevo_controller.go:72.2,72.50 1 0
smartmobilelabs.com/evo/evo-operator/controllers/smlevo_controller.go:61.16,62.29 1 0
smartmobilelabs.com/evo/evo-operator/controllers/smlevo_controller.go:69.3,69.33 1 0
smartmobilelabs.com/evo/evo-operator/controllers/smlevo_controller.go:62.29,67.4 1 0
smartmobilelabs.com/evo/evo-operator/controllers/smlevo_controller.go:76.69,80.2 1 0
smartmobilelabs.com/evo/evo-operator/controllers/handlers.go:46.109,49.50 3 0
smartmobilelabs.com/evo/evo-operator/controllers/handlers.go:54.2,54.40 1 0
smartmobilelabs.com/evo/evo-operator/controllers/handlers.go:65.2,65.29 1 0
smartmobilelabs.com/evo/evo-operator/controllers/handlers.go:49.50,52.3 1 0
smartmobilelabs.com/evo/evo-operator/controllers/handlers.go:54.40,57.17 3 0
smartmobilelabs.com/evo/evo-operator/controllers/handlers.go:61.3,62.33 2 0
smartmobilelabs.com/evo/evo-operator/controllers/handlers.go:57.17,60.4 2 0
smartmobilelabs.com/evo/evo-operator/controllers/handlers.go:65.29,67.3 1 0
smartmobilelabs.com/evo/evo-operator/controllers/handlers.go:67.8,69.3 1 0
smartmobilelabs.com/evo/evo-operator/controllers/handlers.go:72.47,74.2 1 0
smartmobilelabs.com/evo/evo-operator/controllers/handlers.go:76.107,80.29 3 0
smartmobilelabs.com/evo/evo-operator/controllers/handlers.go:85.2,86.84 2 0
smartmobilelabs.com/evo/evo-operator/controllers/handlers.go:91.2,92.37 2 0
smartmobilelabs.com/evo/evo-operator/controllers/handlers.go:96.2,99.32 3 0
smartmobilelabs.com/evo/evo-operator/controllers/handlers.go:80.29,82.3 1 0
smartmobilelabs.com/evo/evo-operator/controllers/handlers.go:86.84,88.3 1 0
smartmobilelabs.com/evo/evo-operator/controllers/handlers.go:92.37,94.3 1 0
smartmobilelabs.com/evo/evo-operator/controllers/handlers.go:102.107,107.75 4 0
smartmobilelabs.com/evo/evo-operator/controllers/handlers.go:111.2,111.32 1 0
smartmobilelabs.com/evo/evo-operator/controllers/handlers.go:107.75,109.3 1 0
smartmobilelabs.com/evo/evo-operator/controllers/handlers.go:114.107,120.16 4 0
smartmobilelabs.com/evo/evo-operator/controllers/handlers.go:124.2,125.16 2 0
smartmobilelabs.com/evo/evo-operator/controllers/handlers.go:131.2,133.16 3 0
smartmobilelabs.com/evo/evo-operator/controllers/handlers.go:138.2,140.16 3 0
smartmobilelabs.com/evo/evo-operator/controllers/handlers.go:146.2,148.16 3 0
smartmobilelabs.com/evo/evo-operator/controllers/handlers.go:154.2,155.16 2 0
smartmobilelabs.com/evo/evo-operator/controllers/handlers.go:161.2,162.16 2 0
smartmobilelabs.com/evo/evo-operator/controllers/handlers.go:175.2,179.75 3 0
smartmobilelabs.com/evo/evo-operator/controllers/handlers.go:183.2,183.47 1 0
smartmobilelabs.com/evo/evo-operator/controllers/handlers.go:196.2,197.10 1 0
smartmobilelabs.com/evo/evo-operator/controllers/handlers.go:225.2,237.32 4 0
smartmobilelabs.com/evo/evo-operator/controllers/handlers.go:120.16,123.3 2 0
smartmobilelabs.com/evo/evo-operator/controllers/handlers.go:125.16,128.3 2 0
smartmobilelabs.com/evo/evo-operator/controllers/handlers.go:133.16,136.3 2 0
smartmobilelabs.com/evo/evo-operator/controllers/handlers.go:140.16,143.3 2 0
smartmobilelabs.com/evo/evo-operator/controllers/handlers.go:148.16,151.3 2 0
smartmobilelabs.com/evo/evo-operator/controllers/handlers.go:155.16,158.3 2 0
smartmobilelabs.com/evo/evo-operator/controllers/handlers.go:162.16,165.3 2 0
smartmobilelabs.com/evo/evo-operator/controllers/handlers.go:179.75,181.3 1 0
smartmobilelabs.com/evo/evo-operator/controllers/handlers.go:183.47,191.74 2 0
smartmobilelabs.com/evo/evo-operator/controllers/handlers.go:191.74,193.4 1 0
smartmobilelabs.com/evo/evo-operator/controllers/handlers.go:197.10,201.18 3 0
smartmobilelabs.com/evo/evo-operator/controllers/handlers.go:205.4,206.49 2 0
smartmobilelabs.com/evo/evo-operator/controllers/handlers.go:217.4,217.77 1 0
smartmobilelabs.com/evo/evo-operator/controllers/handlers.go:201.18,204.5 2 0
smartmobilelabs.com/evo/evo-operator/controllers/handlers.go:206.49,215.5 2 0
smartmobilelabs.com/evo/evo-operator/controllers/handlers.go:217.77,219.5 1 0
smartmobilelabs.com/evo/evo-operator/controllers/handlers.go:221.11,223.4 0 0
smartmobilelabs.com/evo/evo-operator/controllers/handlers.go:240.111,246.16 5 0
smartmobilelabs.com/evo/evo-operator/controllers/handlers.go:250.2,251.12 2 0
smartmobilelabs.com/evo/evo-operator/controllers/handlers.go:256.2,257.44 2 0
smartmobilelabs.com/evo/evo-operator/controllers/handlers.go:282.2,282.23 1 0
smartmobilelabs.com/evo/evo-operator/controllers/handlers.go:246.16,249.3 2 0
smartmobilelabs.com/evo/evo-operator/controllers/handlers.go:251.12,254.3 2 0
smartmobilelabs.com/evo/evo-operator/controllers/handlers.go:257.44,260.17 3 0
smartmobilelabs.com/evo/evo-operator/controllers/handlers.go:264.3,265.13 2 0
smartmobilelabs.com/evo/evo-operator/controllers/handlers.go:269.3,271.17 3 0
smartmobilelabs.com/evo/evo-operator/controllers/handlers.go:275.3,275.39 1 0
smartmobilelabs.com/evo/evo-operator/controllers/handlers.go:260.17,262.9 2 0
smartmobilelabs.com/evo/evo-operator/controllers/handlers.go:265.13,267.9 2 0
smartmobilelabs.com/evo/evo-operator/controllers/handlers.go:271.17,273.9 2 0
smartmobilelabs.com/evo/evo-operator/controllers/handlers.go:275.39,276.37 1 0
smartmobilelabs.com/evo/evo-operator/controllers/handlers.go:276.38,278.5 0 0
