mode: set
smartmobilelabs.com/evo/evo-operator/controllers/predicate.go:22.46,24.2 1 0
smartmobilelabs.com/evo/evo-operator/controllers/predicate.go:26.64,32.8 4 0
smartmobilelabs.com/evo/evo-operator/controllers/predicate.go:37.2,38.14 2 0
smartmobilelabs.com/evo/evo-operator/controllers/predicate.go:32.8,35.3 2 0
smartmobilelabs.com/evo/evo-operator/controllers/predicate.go:41.64,46.45 4 0
smartmobilelabs.com/evo/evo-operator/controllers/predicate.go:50.2,51.14 2 0
smartmobilelabs.com/evo/evo-operator/controllers/predicate.go:46.45,49.3 2 0
smartmobilelabs.com/evo/evo-operator/controllers/predicate.go:54.64,61.20 5 0
smartmobilelabs.com/evo/evo-operator/controllers/predicate.go:75.2,76.14 2 0
smartmobilelabs.com/evo/evo-operator/controllers/predicate.go:61.20,64.47 3 0
smartmobilelabs.com/evo/evo-operator/controllers/predicate.go:64.47,67.4 2 0
smartmobilelabs.com/evo/evo-operator/controllers/predicate.go:67.9,67.59 1 0
smartmobilelabs.com/evo/evo-operator/controllers/predicate.go:67.59,70.4 2 0
smartmobilelabs.com/evo/evo-operator/controllers/predicate.go:70.9,70.53 1 0
smartmobilelabs.com/evo/evo-operator/controllers/predicate.go:70.53,73.4 2 0
smartmobilelabs.com/evo/evo-operator/controllers/predicate.go:79.76,81.2 1 0
smartmobilelabs.com/evo/evo-operator/controllers/predicate.go:83.81,85.2 1 0
smartmobilelabs.com/evo/evo-operator/controllers/predicate.go:87.75,89.2 1 0
smartmobilelabs.com/evo/evo-operator/controllers/predicate.go:91.60,95.2 3 0
smartmobilelabs.com/evo/evo-operator/controllers/smlevo_controller.go:55.98,62.16 5 0
smartmobilelabs.com/evo/evo-operator/controllers/smlevo_controller.go:73.2,73.50 1 0
smartmobilelabs.com/evo/evo-operator/controllers/smlevo_controller.go:62.16,63.29 1 0
smartmobilelabs.com/evo/evo-operator/controllers/smlevo_controller.go:70.3,70.33 1 0
smartmobilelabs.com/evo/evo-operator/controllers/smlevo_controller.go:63.29,68.4 1 0
smartmobilelabs.com/evo/evo-operator/controllers/smlevo_controller.go:77.69,82.2 1 0
smartmobilelabs.com/evo/evo-operator/controllers/handlers.go:48.109,51.50 3 0
smartmobilelabs.com/evo/evo-operator/controllers/handlers.go:56.2,56.40 1 0
smartmobilelabs.com/evo/evo-operator/controllers/handlers.go:67.2,67.29 1 0
smartmobilelabs.com/evo/evo-operator/controllers/handlers.go:51.50,54.3 1 0
smartmobilelabs.com/evo/evo-operator/controllers/handlers.go:56.40,59.17 3 0
smartmobilelabs.com/evo/evo-operator/controllers/handlers.go:63.3,64.33 2 0
smartmobilelabs.com/evo/evo-operator/controllers/handlers.go:59.17,62.4 2 0
smartmobilelabs.com/evo/evo-operator/controllers/handlers.go:67.29,69.3 1 0
smartmobilelabs.com/evo/evo-operator/controllers/handlers.go:69.8,71.3 1 0
smartmobilelabs.com/evo/evo-operator/controllers/handlers.go:74.47,76.2 1 0
smartmobilelabs.com/evo/evo-operator/controllers/handlers.go:78.107,82.29 3 0
smartmobilelabs.com/evo/evo-operator/controllers/handlers.go:87.2,88.84 2 0
smartmobilelabs.com/evo/evo-operator/controllers/handlers.go:93.2,94.37 2 0
smartmobilelabs.com/evo/evo-operator/controllers/handlers.go:98.2,101.32 3 0
smartmobilelabs.com/evo/evo-operator/controllers/handlers.go:82.29,84.3 1 0
smartmobilelabs.com/evo/evo-operator/controllers/handlers.go:88.84,90.3 1 0
smartmobilelabs.com/evo/evo-operator/controllers/handlers.go:94.37,96.3 1 0
smartmobilelabs.com/evo/evo-operator/controllers/handlers.go:104.107,109.75 4 0
smartmobilelabs.com/evo/evo-operator/controllers/handlers.go:113.2,113.32 1 0
smartmobilelabs.com/evo/evo-operator/controllers/handlers.go:109.75,111.3 1 0
smartmobilelabs.com/evo/evo-operator/controllers/handlers.go:116.107,122.16 4 0
smartmobilelabs.com/evo/evo-operator/controllers/handlers.go:126.2,127.16 2 0
smartmobilelabs.com/evo/evo-operator/controllers/handlers.go:133.2,135.16 3 0
smartmobilelabs.com/evo/evo-operator/controllers/handlers.go:140.2,142.16 3 0
smartmobilelabs.com/evo/evo-operator/controllers/handlers.go:148.2,150.16 3 0
smartmobilelabs.com/evo/evo-operator/controllers/handlers.go:156.2,157.16 2 0
smartmobilelabs.com/evo/evo-operator/controllers/handlers.go:163.2,164.16 2 0
smartmobilelabs.com/evo/evo-operator/controllers/handlers.go:177.2,181.75 3 0
smartmobilelabs.com/evo/evo-operator/controllers/handlers.go:185.2,185.47 1 0
smartmobilelabs.com/evo/evo-operator/controllers/handlers.go:198.2,199.10 1 0
smartmobilelabs.com/evo/evo-operator/controllers/handlers.go:224.2,236.32 4 0
smartmobilelabs.com/evo/evo-operator/controllers/handlers.go:122.16,125.3 2 0
smartmobilelabs.com/evo/evo-operator/controllers/handlers.go:127.16,130.3 2 0
smartmobilelabs.com/evo/evo-operator/controllers/handlers.go:135.16,138.3 2 0
smartmobilelabs.com/evo/evo-operator/controllers/handlers.go:142.16,145.3 2 0
smartmobilelabs.com/evo/evo-operator/controllers/handlers.go:150.16,153.3 2 0
smartmobilelabs.com/evo/evo-operator/controllers/handlers.go:157.16,160.3 2 0
smartmobilelabs.com/evo/evo-operator/controllers/handlers.go:164.16,167.3 2 0
smartmobilelabs.com/evo/evo-operator/controllers/handlers.go:181.75,183.3 1 0
smartmobilelabs.com/evo/evo-operator/controllers/handlers.go:185.47,193.74 2 0
smartmobilelabs.com/evo/evo-operator/controllers/handlers.go:193.74,195.4 1 0
smartmobilelabs.com/evo/evo-operator/controllers/handlers.go:199.10,203.49 2 0
smartmobilelabs.com/evo/evo-operator/controllers/handlers.go:216.4,216.77 1 0
smartmobilelabs.com/evo/evo-operator/controllers/handlers.go:203.49,211.76 2 0
smartmobilelabs.com/evo/evo-operator/controllers/handlers.go:211.76,213.6 1 0
smartmobilelabs.com/evo/evo-operator/controllers/handlers.go:216.77,218.5 1 0
smartmobilelabs.com/evo/evo-operator/controllers/handlers.go:220.11,222.4 0 0
smartmobilelabs.com/evo/evo-operator/controllers/handlers.go:239.111,244.16 4 0
smartmobilelabs.com/evo/evo-operator/controllers/handlers.go:248.2,249.37 2 0
smartmobilelabs.com/evo/evo-operator/controllers/handlers.go:244.16,247.3 2 0
smartmobilelabs.com/evo/evo-operator/controllers/handlers.go:249.37,252.3 2 0
smartmobilelabs.com/evo/evo-operator/controllers/handlers.go:252.8,254.13 2 0
smartmobilelabs.com/evo/evo-operator/controllers/handlers.go:258.3,258.98 1 0
smartmobilelabs.com/evo/evo-operator/controllers/handlers.go:254.13,257.4 2 0
smartmobilelabs.com/evo/evo-operator/controllers/handlers.go:262.112,265.16 3 0
smartmobilelabs.com/evo/evo-operator/controllers/handlers.go:268.2,268.20 1 0
smartmobilelabs.com/evo/evo-operator/controllers/handlers.go:265.16,267.3 1 0
smartmobilelabs.com/evo/evo-operator/controllers/handlers.go:271.160,275.44 4 0
smartmobilelabs.com/evo/evo-operator/controllers/handlers.go:300.2,300.23 1 0
smartmobilelabs.com/evo/evo-operator/controllers/handlers.go:275.44,278.17 3 0
smartmobilelabs.com/evo/evo-operator/controllers/handlers.go:282.3,283.13 2 0
smartmobilelabs.com/evo/evo-operator/controllers/handlers.go:287.3,289.17 3 0
smartmobilelabs.com/evo/evo-operator/controllers/handlers.go:293.3,293.39 1 0
smartmobilelabs.com/evo/evo-operator/controllers/handlers.go:278.17,280.9 2 0
smartmobilelabs.com/evo/evo-operator/controllers/handlers.go:283.13,285.9 2 0
smartmobilelabs.com/evo/evo-operator/controllers/handlers.go:289.17,291.9 2 0
smartmobilelabs.com/evo/evo-operator/controllers/handlers.go:293.39,294.37 1 0
smartmobilelabs.com/evo/evo-operator/controllers/handlers.go:294.37,296.5 1 0
smartmobilelabs.com/evo/evo-operator/controllers/handlers.go:303.129,305.44 2 0
smartmobilelabs.com/evo/evo-operator/controllers/handlers.go:340.2,340.12 1 0
smartmobilelabs.com/evo/evo-operator/controllers/handlers.go:305.44,308.17 3 0
smartmobilelabs.com/evo/evo-operator/controllers/handlers.go:312.3,313.27 2 0
smartmobilelabs.com/evo/evo-operator/controllers/handlers.go:317.3,317.48 1 0
smartmobilelabs.com/evo/evo-operator/controllers/handlers.go:338.3,338.13 1 0
smartmobilelabs.com/evo/evo-operator/controllers/handlers.go:308.17,310.9 2 0
smartmobilelabs.com/evo/evo-operator/controllers/handlers.go:313.27,315.9 2 0
smartmobilelabs.com/evo/evo-operator/controllers/handlers.go:317.48,319.89 2 0
smartmobilelabs.com/evo/evo-operator/controllers/handlers.go:319.89,320.75 1 0
smartmobilelabs.com/evo/evo-operator/controllers/handlers.go:320.75,322.20 2 0
smartmobilelabs.com/evo/evo-operator/controllers/handlers.go:326.6,327.23 2 0
smartmobilelabs.com/evo/evo-operator/controllers/handlers.go:322.20,325.7 2 0
smartmobilelabs.com/evo/evo-operator/controllers/handlers.go:327.23,332.7 4 0
smartmobilelabs.com/evo/evo-operator/controllers/handlers.go:333.11,335.6 1 0
